<?xml version="1.0" encoding="UTF-8"?>
<!-- Generated by org.testng.reporters.JUnitReportReporter -->
<testsuite hostname="DESKTOP-98489P3" failures="0" tests="1" name="com.globalsqa.qa.test.DragAndDropPageTest" time="0.054" errors="0" timestamp="2024-05-07T12:54:20 IST" skipped="0">
  <testcase classname="com.globalsqa.qa.test.DragAndDropPageTest" name="verifyPhotoManagerOptionByDefaultSelectedTest" time="0.054"/>
</testsuite> <!-- com.globalsqa.qa.test.DragAndDropPageTest -->
