<?xml version="1.0" encoding="UTF-8"?>
<!-- Generated by org.testng.reporters.JUnitReportReporter -->
<testsuite hostname="DESKTOP-98489P3" failures="0" tests="5" name="com.globalsqa.qa.test.DragAndDropPage_Test" time="61.672" errors="0" timestamp="2024-05-08T14:31:18 IST" skipped="0">
  <testcase classname="com.globalsqa.qa.test.DragAndDropPage_Test" name="verifyDragAndDropLabelDisplayingTest" time="15.717"/>
  <testcase classname="com.globalsqa.qa.test.DragAndDropPage_Test" name="verifyPhotoManagerOptionByDefaultSelectedTest" time="14.384"/>
  <testcase classname="com.globalsqa.qa.test.DragAndDropPage_Test" name="verifyImagesToDragAreEnableTest" time="8.905"/>
  <testcase classname="com.globalsqa.qa.test.DragAndDropPage_Test" name="verifyTrashSectionIsEnableTest" time="11.515"/>
  <testcase classname="com.globalsqa.qa.test.DragAndDropPage_Test" name="verifyAllHighTatrasDraggedSuccessfullyTest" time="11.151"/>
</testsuite> <!-- com.globalsqa.qa.test.DragAndDropPage_Test -->
