<?xml version="1.0" encoding="UTF-8"?>
<!-- Generated by org.testng.reporters.JUnitReportReporter -->
<testsuite hostname="DESKTOP-98489P3" failures="0" tests="4" name="com.globalsqa.qa.test.SamplePageTestPage_Test" time="88.682" errors="0" timestamp="2024-05-08T14:37:47 IST" skipped="0">
  <testcase classname="com.globalsqa.qa.test.SamplePageTestPage_Test" name="verifyPresenceOfSamplePageTestLabel" time="10.005"/>
  <testcase classname="com.globalsqa.qa.test.SamplePageTestPage_Test" name="verifyExpertiseOptionsTest" time="6.253"/>
  <testcase classname="com.globalsqa.qa.test.SamplePageTestPage_Test" name="verifyEducationOptionsTest" time="15.124"/>
  <testcase classname="com.globalsqa.qa.test.SamplePageTestPage_Test" name="fillTheFormAndSubmit" time="57.300"/>
</testsuite> <!-- com.globalsqa.qa.test.SamplePageTestPage_Test -->
