<?xml version="1.0" encoding="UTF-8"?>
<!-- Generated by org.testng.reporters.JUnitReportReporter -->
<testsuite hostname="DESKTOP-98489P3" failures="0" tests="3" name="com.globalsqa.qa.test.DropDownMenuPageTest" time="13.949" errors="0" timestamp="2024-05-07T15:07:59 IST" skipped="0">
  <testcase classname="com.globalsqa.qa.test.DropDownMenuPageTest" name="verifyTextDisplayingToSelectCountryTest" time="2.492"/>
  <testcase classname="com.globalsqa.qa.test.DropDownMenuPageTest" name="verifySelectedCountryFromDropDownTest" time="3.820"/>
  <testcase classname="com.globalsqa.qa.test.DropDownMenuPageTest" name="verifyPresenceOfSelectCountryTabTest" time="7.637"/>
</testsuite> <!-- com.globalsqa.qa.test.DropDownMenuPageTest -->
