<?xml version="1.0" encoding="UTF-8"?>
<!-- Generated by org.testng.reporters.JUnitReportReporter -->
<testsuite hostname="DESKTOP-98489P3" failures="0" tests="3" name="com.globalsqa.qa.test.DropDownMenuPage_Test" time="39.388" errors="0" timestamp="2024-05-08T14:32:08 IST" skipped="0">
  <testcase classname="com.globalsqa.qa.test.DropDownMenuPage_Test" name="verifyPresenceOfSelectCountryTabTest" time="14.711"/>
  <testcase classname="com.globalsqa.qa.test.DropDownMenuPage_Test" name="verifyTextDisplayingToSelectCountryTest" time="11.650"/>
  <testcase classname="com.globalsqa.qa.test.DropDownMenuPage_Test" name="verifySelectedCountryFromDropDownTest" time="13.027"/>
</testsuite> <!-- com.globalsqa.qa.test.DropDownMenuPage_Test -->
